{"C:\\Workspace\\estudo\\react-homework\\src\\App.js": {"path":"C:\\Workspace\\estudo\\react-homework\\src\\App.js","statementMap":{"0":{"start":{"line":1,"column":0},"end":{"line":null,"column":-1}},"1":{"start":{"line":2,"column":0},"end":{"line":null,"column":-1}},"2":{"start":{"line":3,"column":0},"end":{"line":null,"column":-1}},"3":{"start":{"line":4,"column":0},"end":{"line":null,"column":-1}},"4":{"start":{"line":6,"column":0},"end":{"line":null,"column":-1}},"5":{"start":{"line":7,"column":0},"end":{"line":null,"column":-1}},"6":{"start":{"line":8,"column":0},"end":{"line":null,"column":-1}},"7":{"start":{"line":9,"column":0},"end":{"line":null,"column":-1}},"8":{"start":{"line":10,"column":0},"end":{"line":null,"column":-1}},"9":{"start":{"line":11,"column":0},"end":{"line":null,"column":-1}},"10":{"start":{"line":12,"column":0},"end":{"line":null,"column":-1}},"11":{"start":{"line":15,"column":21},"end":{"line":15,"column":0}},"12":{"start":{"line":21,"column":15},"end":{"line":21,"column":0}},"13":{"start":{"line":22,"column":0},"end":{"line":null,"column":-1}},"14":{"start":{"line":25,"column":23},"end":{"line":null,"column":-1}},"15":{"start":{"line":27,"column":8},"end":{"line":null,"column":-1}},"16":{"start":{"line":33,"column":8},"end":{"line":35,"column":9}},"17":{"start":{"line":34,"column":12},"end":{"line":null,"column":-1}},"18":{"start":{"line":39,"column":8},"end":{"line":null,"column":-1}},"19":{"start":{"line":51,"column":4},"end":{"line":null,"column":-1}},"20":{"start":{"line":54,"column":4},"end":{"line":null,"column":-1}},"21":{"start":{"line":54,"column":12},"end":{"line":null,"column":-1}},"22":{"start":{"line":54,"column":24},"end":{"line":null,"column":-1}}},"fnMap":{"0":{"name":"App","decl":{"start":{"line":25,"column":4},"end":{"line":25,"column":15}},"loc":{"start":{"line":25,"column":23},"end":{"line":30,"column":5}}},"1":{"name":"mapStateToProps","decl":{"start":{"line":50,"column":9},"end":{"line":50,"column":0}},"loc":{"start":{"line":50,"column":32},"end":{"line":52,"column":1}}},"2":{"name":"mapDispatchToProps","decl":{"start":{"line":53,"column":9},"end":{"line":53,"column":0}},"loc":{"start":{"line":53,"column":38},"end":{"line":55,"column":1}}},"3":{"name":"(anonymous_14)","decl":{"start":{"line":54,"column":12},"end":{"line":null,"column":-1}},"loc":{"start":{"line":54,"column":12},"end":{"line":54,"column":23}}},"4":{"name":"(anonymous_17)","decl":{"start":{"line":54,"column":24},"end":{"line":null,"column":-1}},"loc":{"start":{"line":54,"column":24},"end":{"line":54,"column":12}}}},"branchMap":{"0":{"loc":{"start":{"line":25,"column":23},"end":{"line":26,"column":13}},"type":"binary-expr","locations":[{"start":{"line":25,"column":23},"end":{"line":26,"column":13}},{"start":{"line":25,"column":23},"end":{"line":26,"column":13}}]},"1":{"loc":{"start":{"line":33,"column":8},"end":{"line":35,"column":9}},"type":"if","locations":[{"start":{"line":33,"column":8},"end":{"line":35,"column":9}},{"start":{"line":33,"column":8},"end":{"line":35,"column":9}}]}},"s":{"0":0,"1":0,"2":0,"3":0,"4":0,"5":0,"6":0,"7":0,"8":0,"9":0,"10":0,"11":0,"12":0,"13":0,"14":0,"15":0,"16":0,"17":0,"18":0,"19":0,"20":0,"21":0,"22":0},"f":{"0":0,"1":0,"2":0,"3":0,"4":0},"b":{"0":[0,0],"1":[0,0]}}
,"C:\\Workspace\\estudo\\react-homework\\src\\index.js": {"path":"C:\\Workspace\\estudo\\react-homework\\src\\index.js","statementMap":{"0":{"start":{"line":1,"column":0},"end":{"line":null,"column":-1}},"1":{"start":{"line":2,"column":0},"end":{"line":null,"column":-1}},"2":{"start":{"line":3,"column":0},"end":{"line":null,"column":-1}},"3":{"start":{"line":4,"column":0},"end":{"line":null,"column":-1}},"4":{"start":{"line":5,"column":0},"end":{"line":null,"column":-1}},"5":{"start":{"line":7,"column":15},"end":{"line":7,"column":0}},"6":{"start":{"line":8,"column":2},"end":{"line":null,"column":-1}},"7":{"start":{"line":12,"column":0},"end":{"line":null,"column":-1}},"8":{"start":{"line":14,"column":0},"end":{"line":null,"column":-1}}},"fnMap":{"0":{"name":"render","decl":{"start":{"line":7,"column":6},"end":{"line":7,"column":15}},"loc":{"start":{"line":7,"column":26},"end":{"line":7,"column":0}}}},"branchMap":{},"s":{"0":0,"1":0,"2":0,"3":0,"4":0,"5":0,"6":0,"7":0,"8":0},"f":{"0":0},"b":{}}
,"C:\\Workspace\\estudo\\react-homework\\src\\actions\\movie.js": {"path":"C:\\Workspace\\estudo\\react-homework\\src\\actions\\movie.js","statementMap":{"0":{"start":{"line":4,"column":34},"end":{"line":6,"column":2}},"1":{"start":{"line":4,"column":41},"end":{"line":6,"column":1}},"2":{"start":{"line":8,"column":36},"end":{"line":10,"column":2}},"3":{"start":{"line":8,"column":43},"end":{"line":10,"column":1}},"4":{"start":{"line":12,"column":34},"end":{"line":15,"column":2}},"5":{"start":{"line":12,"column":46},"end":{"line":15,"column":1}},"6":{"start":{"line":17,"column":29},"end":{"line":21,"column":2}},"7":{"start":{"line":17,"column":38},"end":{"line":21,"column":1}},"8":{"start":{"line":23,"column":26},"end":{"line":34,"column":3}},"9":{"start":{"line":24,"column":4},"end":{"line":33,"column":5}},"10":{"start":{"line":25,"column":6},"end":{"line":32,"column":7}},"11":{"start":{"line":26,"column":8},"end":{"line":26,"column":39}},"12":{"start":{"line":27,"column":21},"end":{"line":27,"column":40}},"13":{"start":{"line":28,"column":8},"end":{"line":28,"column":41}},"14":{"start":{"line":29,"column":8},"end":{"line":29,"column":45}},"15":{"start":{"line":31,"column":8},"end":{"line":31,"column":44}}},"fnMap":{"0":{"name":"(anonymous_0)","decl":{"start":{"line":4,"column":34},"end":{"line":4,"column":35}},"loc":{"start":{"line":4,"column":41},"end":{"line":6,"column":1}},"line":4},"1":{"name":"(anonymous_1)","decl":{"start":{"line":8,"column":36},"end":{"line":8,"column":37}},"loc":{"start":{"line":8,"column":43},"end":{"line":10,"column":1}},"line":8},"2":{"name":"(anonymous_2)","decl":{"start":{"line":12,"column":34},"end":{"line":12,"column":35}},"loc":{"start":{"line":12,"column":46},"end":{"line":15,"column":1}},"line":12},"3":{"name":"(anonymous_3)","decl":{"start":{"line":17,"column":29},"end":{"line":17,"column":30}},"loc":{"start":{"line":17,"column":38},"end":{"line":21,"column":1}},"line":17},"4":{"name":"(anonymous_4)","decl":{"start":{"line":23,"column":26},"end":{"line":23,"column":27}},"loc":{"start":{"line":23,"column":32},"end":{"line":34,"column":3}},"line":23},"5":{"name":"(anonymous_5)","decl":{"start":{"line":24,"column":11},"end":{"line":24,"column":12}},"loc":{"start":{"line":24,"column":29},"end":{"line":33,"column":5}},"line":24}},"branchMap":{},"s":{"0":2,"1":2,"2":2,"3":2,"4":2,"5":1,"6":2,"7":2,"8":2,"9":1,"10":1,"11":1,"12":1,"13":1,"14":1,"15":0},"f":{"0":2,"1":2,"2":1,"3":2,"4":1,"5":1},"b":{},"_coverageSchema":"332fd63041d2c1bcb487cc26dd0d5f7d97098a6c","hash":"3676538cceffd8f980ec15681a4cecedfa9c8d80"}
,"C:\\Workspace\\estudo\\react-homework\\src\\actions\\search.js": {"path":"C:\\Workspace\\estudo\\react-homework\\src\\actions\\search.js","statementMap":{"0":{"start":{"line":3,"column":29},"end":{"line":6,"column":2}},"1":{"start":{"line":3,"column":40},"end":{"line":6,"column":1}},"2":{"start":{"line":8,"column":31},"end":{"line":11,"column":2}},"3":{"start":{"line":8,"column":43},"end":{"line":11,"column":1}},"4":{"start":{"line":13,"column":28},"end":{"line":20,"column":1}},"5":{"start":{"line":14,"column":4},"end":{"line":14,"column":47}},"6":{"start":{"line":15,"column":4},"end":{"line":19,"column":7}}},"fnMap":{"0":{"name":"(anonymous_0)","decl":{"start":{"line":3,"column":29},"end":{"line":3,"column":30}},"loc":{"start":{"line":3,"column":40},"end":{"line":6,"column":1}},"line":3},"1":{"name":"(anonymous_1)","decl":{"start":{"line":8,"column":31},"end":{"line":8,"column":32}},"loc":{"start":{"line":8,"column":43},"end":{"line":11,"column":1}},"line":8},"2":{"name":"(anonymous_2)","decl":{"start":{"line":13,"column":28},"end":{"line":13,"column":29}},"loc":{"start":{"line":13,"column":46},"end":{"line":20,"column":1}},"line":13}},"branchMap":{},"s":{"0":1,"1":0,"2":1,"3":0,"4":1,"5":0,"6":0},"f":{"0":0,"1":0,"2":0},"b":{},"_coverageSchema":"332fd63041d2c1bcb487cc26dd0d5f7d97098a6c","hash":"381466a1a9983a47e89532c6848051a4a958ed47"}
,"C:\\Workspace\\estudo\\react-homework\\src\\components\\AppContainer.js": {"path":"C:\\Workspace\\estudo\\react-homework\\src\\components\\AppContainer.js","statementMap":{"0":{"start":{"line":1,"column":0},"end":{"line":null,"column":-1}},"1":{"start":{"line":2,"column":0},"end":{"line":null,"column":-1}},"2":{"start":{"line":3,"column":0},"end":{"line":null,"column":-1}},"3":{"start":{"line":4,"column":0},"end":{"line":null,"column":-1}},"4":{"start":{"line":8,"column":8},"end":{"line":null,"column":-1}}},"fnMap":{},"branchMap":{},"s":{"0":0,"1":0,"2":0,"3":0,"4":0},"f":{},"b":{}}
,"C:\\Workspace\\estudo\\react-homework\\src\\components\\AppHeader.js": {"path":"C:\\Workspace\\estudo\\react-homework\\src\\components\\AppHeader.js","statementMap":{"0":{"start":{"line":5,"column":20},"end":{"line":9,"column":1}},"1":{"start":{"line":11,"column":18},"end":{"line":13,"column":1}},"2":{"start":{"line":15,"column":18},"end":{"line":19,"column":1}},"3":{"start":{"line":16,"column":4},"end":{"line":18,"column":20}},"4":{"start":{"line":31,"column":8},"end":{"line":35,"column":19}}},"fnMap":{"0":{"name":"(anonymous_0)","decl":{"start":{"line":15,"column":18},"end":{"line":15,"column":19}},"loc":{"start":{"line":16,"column":4},"end":{"line":18,"column":20}},"line":16},"1":{"name":"(anonymous_1)","decl":{"start":{"line":30,"column":4},"end":{"line":30,"column":5}},"loc":{"start":{"line":30,"column":13},"end":{"line":36,"column":5}},"line":30}},"branchMap":{},"s":{"0":1,"1":1,"2":1,"3":1,"4":1},"f":{"0":1,"1":1},"b":{},"_coverageSchema":"332fd63041d2c1bcb487cc26dd0d5f7d97098a6c","hash":"9f1a54ca40b5f81825d23cc2960bbeb89ebe4a68"}
,"C:\\Workspace\\estudo\\react-homework\\src\\components\\ErrorBoundary.js": {"path":"C:\\Workspace\\estudo\\react-homework\\src\\components\\ErrorBoundary.js","statementMap":{"0":{"start":{"line":7,"column":6},"end":{"line":7,"column":19}},"1":{"start":{"line":8,"column":6},"end":{"line":8,"column":79}},"2":{"start":{"line":13,"column":6},"end":{"line":13,"column":71}},"3":{"start":{"line":19,"column":6},"end":{"line":31,"column":7}},"4":{"start":{"line":21,"column":8},"end":{"line":30,"column":10}},"5":{"start":{"line":32,"column":6},"end":{"line":32,"column":33}},"6":{"start":{"line":36,"column":0},"end":{"line":38,"column":2}},"7":{"start":{"line":40,"column":0},"end":{"line":42,"column":2}}},"fnMap":{"0":{"name":"(anonymous_0)","decl":{"start":{"line":6,"column":4},"end":{"line":6,"column":5}},"loc":{"start":{"line":6,"column":23},"end":{"line":9,"column":5}},"line":6},"1":{"name":"(anonymous_1)","decl":{"start":{"line":11,"column":4},"end":{"line":11,"column":5}},"loc":{"start":{"line":11,"column":35},"end":{"line":16,"column":5}},"line":11},"2":{"name":"(anonymous_2)","decl":{"start":{"line":18,"column":4},"end":{"line":18,"column":5}},"loc":{"start":{"line":18,"column":13},"end":{"line":33,"column":5}},"line":18}},"branchMap":{"0":{"loc":{"start":{"line":19,"column":6},"end":{"line":31,"column":7}},"type":"if","locations":[{"start":{"line":19,"column":6},"end":{"line":31,"column":7}},{"start":{"line":19,"column":6},"end":{"line":31,"column":7}}],"line":19},"1":{"loc":{"start":{"line":25,"column":21},"end":{"line":25,"column":68}},"type":"binary-expr","locations":[{"start":{"line":25,"column":21},"end":{"line":25,"column":37}},{"start":{"line":25,"column":41},"end":{"line":25,"column":68}}],"line":25}},"s":{"0":2,"1":2,"2":1,"3":3,"4":1,"5":2,"6":1,"7":1},"f":{"0":2,"1":1,"2":3},"b":{"0":[1,2],"1":[1,1]},"_coverageSchema":"332fd63041d2c1bcb487cc26dd0d5f7d97098a6c","hash":"6d112b1825a61464fbb68efe385f597c8603096a"}
,"C:\\Workspace\\estudo\\react-homework\\src\\components\\SearchBox.js": {"path":"C:\\Workspace\\estudo\\react-homework\\src\\components\\SearchBox.js","statementMap":{"0":{"start":{"line":12,"column":18},"end":{"line":16,"column":1}},"1":{"start":{"line":21,"column":8},"end":{"line":21,"column":21}},"2":{"start":{"line":22,"column":8},"end":{"line":22,"column":80}},"3":{"start":{"line":30,"column":8},"end":{"line":30,"column":20}},"4":{"start":{"line":34,"column":8},"end":{"line":34,"column":27}},"5":{"start":{"line":35,"column":8},"end":{"line":38,"column":11}},"6":{"start":{"line":42,"column":8},"end":{"line":42,"column":27}},"7":{"start":{"line":43,"column":8},"end":{"line":46,"column":11}},"8":{"start":{"line":50,"column":8},"end":{"line":59,"column":9}},"9":{"start":{"line":51,"column":12},"end":{"line":54,"column":23}},"10":{"start":{"line":52,"column":16},"end":{"line":52,"column":23}},"11":{"start":{"line":53,"column":17},"end":{"line":54,"column":23}},"12":{"start":{"line":54,"column":16},"end":{"line":54,"column":23}},"13":{"start":{"line":56,"column":12},"end":{"line":56,"column":53}},"14":{"start":{"line":58,"column":12},"end":{"line":58,"column":37}},"15":{"start":{"line":63,"column":8},"end":{"line":82,"column":10}},"16":{"start":{"line":86,"column":0},"end":{"line":92,"column":1}},"17":{"start":{"line":95,"column":4},"end":{"line":98,"column":5}}},"fnMap":{"0":{"name":"(anonymous_0)","decl":{"start":{"line":20,"column":4},"end":{"line":20,"column":5}},"loc":{"start":{"line":20,"column":23},"end":{"line":23,"column":5}},"line":20},"1":{"name":"(anonymous_1)","decl":{"start":{"line":26,"column":4},"end":{"line":26,"column":5}},"loc":{"start":{"line":26,"column":25},"end":{"line":31,"column":5}},"line":26},"2":{"name":"(anonymous_2)","decl":{"start":{"line":33,"column":4},"end":{"line":33,"column":5}},"loc":{"start":{"line":33,"column":30},"end":{"line":39,"column":5}},"line":33},"3":{"name":"(anonymous_3)","decl":{"start":{"line":41,"column":4},"end":{"line":41,"column":5}},"loc":{"start":{"line":41,"column":30},"end":{"line":47,"column":5}},"line":41},"4":{"name":"(anonymous_4)","decl":{"start":{"line":49,"column":4},"end":{"line":49,"column":5}},"loc":{"start":{"line":49,"column":20},"end":{"line":60,"column":5}},"line":49},"5":{"name":"(anonymous_5)","decl":{"start":{"line":62,"column":4},"end":{"line":62,"column":5}},"loc":{"start":{"line":62,"column":13},"end":{"line":83,"column":5}},"line":62},"6":{"name":"mapStateToProps","decl":{"start":{"line":94,"column":9},"end":{"line":94,"column":24}},"loc":{"start":{"line":94,"column":32},"end":{"line":99,"column":1}},"line":94}},"branchMap":{"0":{"loc":{"start":{"line":51,"column":12},"end":{"line":54,"column":23}},"type":"if","locations":[{"start":{"line":51,"column":12},"end":{"line":54,"column":23}},{"start":{"line":51,"column":12},"end":{"line":54,"column":23}}],"line":51},"1":{"loc":{"start":{"line":53,"column":17},"end":{"line":54,"column":23}},"type":"if","locations":[{"start":{"line":53,"column":17},"end":{"line":54,"column":23}},{"start":{"line":53,"column":17},"end":{"line":54,"column":23}}],"line":53}},"s":{"0":1,"1":0,"2":0,"3":0,"4":0,"5":0,"6":0,"7":0,"8":0,"9":0,"10":0,"11":0,"12":0,"13":0,"14":0,"15":0,"16":1,"17":0},"f":{"0":0,"1":0,"2":0,"3":0,"4":0,"5":0,"6":0},"b":{"0":[0,0],"1":[0,0]},"_coverageSchema":"332fd63041d2c1bcb487cc26dd0d5f7d97098a6c","hash":"82c3cce6eb3bc8e4b04e624c5b1015705751102e"}
,"C:\\Workspace\\estudo\\react-homework\\src\\components\\SearchButtonToolbar.js": {"path":"C:\\Workspace\\estudo\\react-homework\\src\\components\\SearchButtonToolbar.js","statementMap":{"0":{"start":{"line":14,"column":8},"end":{"line":14,"column":21}},"1":{"start":{"line":16,"column":8},"end":{"line":19,"column":114}},"2":{"start":{"line":17,"column":12},"end":{"line":17,"column":114}},"3":{"start":{"line":19,"column":12},"end":{"line":19,"column":114}},"4":{"start":{"line":23,"column":8},"end":{"line":27,"column":11}},"5":{"start":{"line":28,"column":8},"end":{"line":28,"column":35}},"6":{"start":{"line":31,"column":8},"end":{"line":35,"column":11}},"7":{"start":{"line":36,"column":8},"end":{"line":36,"column":35}},"8":{"start":{"line":40,"column":8},"end":{"line":55,"column":10}},"9":{"start":{"line":51,"column":111},"end":{"line":51,"column":130}},"10":{"start":{"line":60,"column":4},"end":{"line":63,"column":5}},"11":{"start":{"line":67,"column":4},"end":{"line":67,"column":78}}},"fnMap":{"0":{"name":"(anonymous_0)","decl":{"start":{"line":13,"column":4},"end":{"line":13,"column":5}},"loc":{"start":{"line":13,"column":23},"end":{"line":20,"column":5}},"line":13},"1":{"name":"(anonymous_1)","decl":{"start":{"line":22,"column":4},"end":{"line":22,"column":5}},"loc":{"start":{"line":22,"column":21},"end":{"line":29,"column":5}},"line":22},"2":{"name":"(anonymous_2)","decl":{"start":{"line":30,"column":4},"end":{"line":30,"column":5}},"loc":{"start":{"line":30,"column":21},"end":{"line":37,"column":5}},"line":30},"3":{"name":"(anonymous_3)","decl":{"start":{"line":39,"column":4},"end":{"line":39,"column":5}},"loc":{"start":{"line":39,"column":13},"end":{"line":56,"column":5}},"line":39},"4":{"name":"(anonymous_4)","decl":{"start":{"line":51,"column":105},"end":{"line":51,"column":106}},"loc":{"start":{"line":51,"column":111},"end":{"line":51,"column":130}},"line":51},"5":{"name":"mapStateToProps","decl":{"start":{"line":59,"column":9},"end":{"line":59,"column":24}},"loc":{"start":{"line":59,"column":32},"end":{"line":64,"column":1}},"line":59},"6":{"name":"matchDispatchToProps","decl":{"start":{"line":66,"column":9},"end":{"line":66,"column":29}},"loc":{"start":{"line":66,"column":40},"end":{"line":68,"column":1}},"line":66}},"branchMap":{"0":{"loc":{"start":{"line":16,"column":8},"end":{"line":19,"column":114}},"type":"if","locations":[{"start":{"line":16,"column":8},"end":{"line":19,"column":114}},{"start":{"line":16,"column":8},"end":{"line":19,"column":114}}],"line":16}},"s":{"0":0,"1":0,"2":0,"3":0,"4":0,"5":0,"6":0,"7":0,"8":0,"9":0,"10":0,"11":0},"f":{"0":0,"1":0,"2":0,"3":0,"4":0,"5":0,"6":0},"b":{"0":[0,0]},"_coverageSchema":"332fd63041d2c1bcb487cc26dd0d5f7d97098a6c","hash":"1a8c5d5bacffe013c13aca6611f4e9b28c857b39"}
,"C:\\Workspace\\estudo\\react-homework\\src\\constants\\actionTypes.js": {"path":"C:\\Workspace\\estudo\\react-homework\\src\\constants\\actionTypes.js","statementMap":{"0":{"start":{"line":2,"column":35},"end":{"line":2,"column":56}},"1":{"start":{"line":3,"column":37},"end":{"line":3,"column":60}},"2":{"start":{"line":4,"column":35},"end":{"line":4,"column":56}},"3":{"start":{"line":5,"column":30},"end":{"line":5,"column":46}},"4":{"start":{"line":8,"column":33},"end":{"line":8,"column":48}},"5":{"start":{"line":9,"column":31},"end":{"line":9,"column":48}},"6":{"start":{"line":10,"column":43},"end":{"line":10,"column":72}}},"fnMap":{},"branchMap":{},"s":{"0":3,"1":3,"2":3,"3":3,"4":3,"5":3,"6":3},"f":{},"b":{},"_coverageSchema":"332fd63041d2c1bcb487cc26dd0d5f7d97098a6c","hash":"a451b2168e79d8c069ce2f78cbf52ec017af35a1"}
,"C:\\Workspace\\estudo\\react-homework\\src\\constants\\filters.js": {"path":"C:\\Workspace\\estudo\\react-homework\\src\\constants\\filters.js","statementMap":{"0":{"start":{"line":1,"column":31},"end":{"line":1,"column":48}},"1":{"start":{"line":2,"column":31},"end":{"line":2,"column":48}}},"fnMap":{},"branchMap":{},"s":{"0":1,"1":1},"f":{},"b":{},"_coverageSchema":"332fd63041d2c1bcb487cc26dd0d5f7d97098a6c","hash":"50da3cc891a27f80feba102c28595f19fcaeb67d"}
,"C:\\Workspace\\estudo\\react-homework\\src\\constants\\pageTexts.js": {"path":"C:\\Workspace\\estudo\\react-homework\\src\\constants\\pageTexts.js","statementMap":{"0":{"start":{"line":2,"column":42},"end":{"line":2,"column":121}},"1":{"start":{"line":5,"column":32},"end":{"line":5,"column":50}},"2":{"start":{"line":8,"column":37},"end":{"line":8,"column":45}}},"fnMap":{},"branchMap":{},"s":{"0":1,"1":1,"2":1},"f":{},"b":{},"_coverageSchema":"332fd63041d2c1bcb487cc26dd0d5f7d97098a6c","hash":"1cdc021975cfbc31a2a34adb9be137151c408319"}
,"C:\\Workspace\\estudo\\react-homework\\src\\reducers\\movie.js": {"path":"C:\\Workspace\\estudo\\react-homework\\src\\reducers\\movie.js","statementMap":{"0":{"start":{"line":1,"column":0},"end":{"line":null,"column":-1}},"1":{"start":{"line":2,"column":0},"end":{"line":null,"column":-1}},"2":{"start":{"line":4,"column":19},"end":{"line":4,"column":0}},"3":{"start":{"line":7,"column":14},"end":{"line":7,"column":13}},"4":{"start":{"line":7,"column":14},"end":{"line":null,"column":-1}},"5":{"start":{"line":8,"column":4},"end":{"line":null,"column":-1}},"6":{"start":{"line":10,"column":12},"end":{"line":null,"column":-1}},"7":{"start":{"line":15,"column":12},"end":{"line":null,"column":-1}},"8":{"start":{"line":21,"column":12},"end":{"line":null,"column":-1}},"9":{"start":{"line":27,"column":12},"end":{"line":null,"column":-1}},"10":{"start":{"line":31,"column":13},"end":{"line":31,"column":0}},"11":{"start":{"line":31,"column":39},"end":{"line":31,"column":38}},"12":{"start":{"line":31,"column":39},"end":{"line":null,"column":-1}},"13":{"start":{"line":32,"column":4},"end":{"line":null,"column":-1}},"14":{"start":{"line":34,"column":12},"end":{"line":null,"column":-1}},"15":{"start":{"line":38,"column":12},"end":{"line":null,"column":-1}},"16":{"start":{"line":40,"column":12},"end":{"line":null,"column":-1}},"17":{"start":{"line":44,"column":11},"end":{"line":44,"column":0}},"18":{"start":{"line":44,"column":37},"end":{"line":44,"column":36}},"19":{"start":{"line":44,"column":37},"end":{"line":null,"column":-1}},"20":{"start":{"line":45,"column":4},"end":{"line":null,"column":-1}},"21":{"start":{"line":47,"column":12},"end":{"line":null,"column":-1}},"22":{"start":{"line":49,"column":12},"end":{"line":null,"column":-1}},"23":{"start":{"line":53,"column":14},"end":{"line":53,"column":0}}},"fnMap":{"0":{"name":"loadStatus","decl":{"start":{"line":4,"column":6},"end":{"line":4,"column":19}},"loc":{"start":{"line":7,"column":14},"end":{"line":4,"column":0}}},"1":{"name":"data","decl":{"start":{"line":31,"column":6},"end":{"line":31,"column":13}},"loc":{"start":{"line":31,"column":39},"end":{"line":31,"column":0}}},"2":{"name":"id","decl":{"start":{"line":44,"column":6},"end":{"line":44,"column":11}},"loc":{"start":{"line":44,"column":37},"end":{"line":44,"column":0}}}},"branchMap":{"0":{"loc":{"start":{"line":7,"column":14},"end":{"line":4,"column":27}},"type":"cond-expr","locations":[{"start":{"line":7,"column":14},"end":{"line":4,"column":27}},{"start":{"line":4,"column":28},"end":{"line":7,"column":14}}]},"1":{"loc":{"start":{"line":7,"column":14},"end":{"line":4,"column":27}},"type":"binary-expr","locations":[{"start":{"line":7,"column":14},"end":{"line":4,"column":27}},{"start":{"line":7,"column":14},"end":{"line":4,"column":27}}]},"2":{"loc":{"start":{"line":9,"column":8},"end":{"line":10,"column":12}},"type":"switch","locations":[{"start":{"line":9,"column":8},"end":{"line":10,"column":12}},{"start":{"line":14,"column":8},"end":{"line":15,"column":12}},{"start":{"line":20,"column":8},"end":{"line":21,"column":12}},{"start":{"line":26,"column":8},"end":{"line":27,"column":12}}]},"3":{"loc":{"start":{"line":31,"column":39},"end":{"line":31,"column":21}},"type":"cond-expr","locations":[{"start":{"line":31,"column":39},"end":{"line":31,"column":21}},{"start":{"line":31,"column":22},"end":{"line":31,"column":39}}]},"4":{"loc":{"start":{"line":31,"column":39},"end":{"line":31,"column":21}},"type":"binary-expr","locations":[{"start":{"line":31,"column":39},"end":{"line":31,"column":21}},{"start":{"line":31,"column":39},"end":{"line":31,"column":21}}]},"5":{"loc":{"start":{"line":33,"column":8},"end":{"line":34,"column":12}},"type":"switch","locations":[{"start":{"line":33,"column":8},"end":{"line":34,"column":12}},{"start":{"line":37,"column":8},"end":{"line":38,"column":12}},{"start":{"line":39,"column":8},"end":{"line":40,"column":12}}]},"6":{"loc":{"start":{"line":44,"column":37},"end":{"line":44,"column":19}},"type":"cond-expr","locations":[{"start":{"line":44,"column":37},"end":{"line":44,"column":19}},{"start":{"line":44,"column":20},"end":{"line":44,"column":37}}]},"7":{"loc":{"start":{"line":44,"column":37},"end":{"line":44,"column":19}},"type":"binary-expr","locations":[{"start":{"line":44,"column":37},"end":{"line":44,"column":19}},{"start":{"line":44,"column":37},"end":{"line":44,"column":19}}]},"8":{"loc":{"start":{"line":46,"column":8},"end":{"line":47,"column":12}},"type":"switch","locations":[{"start":{"line":46,"column":8},"end":{"line":47,"column":12}},{"start":{"line":48,"column":8},"end":{"line":49,"column":12}}]}},"s":{"0":0,"1":0,"2":0,"3":0,"4":0,"5":0,"6":0,"7":0,"8":0,"9":0,"10":0,"11":0,"12":0,"13":0,"14":0,"15":0,"16":0,"17":0,"18":0,"19":0,"20":0,"21":0,"22":0,"23":0},"f":{"0":0,"1":0,"2":0},"b":{"0":[0,0],"1":[0,0],"2":[0,0,0,0],"3":[0,0],"4":[0,0],"5":[0,0,0],"6":[0,0],"7":[0,0],"8":[0,0]}}
,"C:\\Workspace\\estudo\\react-homework\\src\\reducers\\rootReducer.js": {"path":"C:\\Workspace\\estudo\\react-homework\\src\\reducers\\rootReducer.js","statementMap":{"0":{"start":{"line":1,"column":0},"end":{"line":null,"column":-1}},"1":{"start":{"line":3,"column":0},"end":{"line":null,"column":-1}},"2":{"start":{"line":4,"column":0},"end":{"line":null,"column":-1}},"3":{"start":{"line":6,"column":16},"end":{"line":6,"column":0}}},"fnMap":{},"branchMap":{},"s":{"0":0,"1":0,"2":0,"3":0},"f":{},"b":{}}
,"C:\\Workspace\\estudo\\react-homework\\src\\reducers\\search.js": {"path":"C:\\Workspace\\estudo\\react-homework\\src\\reducers\\search.js","statementMap":{"0":{"start":{"line":1,"column":0},"end":{"line":null,"column":-1}},"1":{"start":{"line":3,"column":0},"end":{"line":null,"column":-1}},"2":{"start":{"line":5,"column":15},"end":{"line":5,"column":0}},"3":{"start":{"line":5,"column":52},"end":{"line":5,"column":51}},"4":{"start":{"line":5,"column":52},"end":{"line":null,"column":-1}},"5":{"start":{"line":6,"column":4},"end":{"line":null,"column":-1}},"6":{"start":{"line":8,"column":12},"end":{"line":null,"column":-1}},"7":{"start":{"line":10,"column":12},"end":{"line":null,"column":-1}},"8":{"start":{"line":14,"column":13},"end":{"line":14,"column":0}},"9":{"start":{"line":14,"column":37},"end":{"line":14,"column":36}},"10":{"start":{"line":14,"column":37},"end":{"line":null,"column":-1}},"11":{"start":{"line":15,"column":4},"end":{"line":null,"column":-1}},"12":{"start":{"line":17,"column":12},"end":{"line":null,"column":-1}},"13":{"start":{"line":19,"column":12},"end":{"line":null,"column":-1}},"14":{"start":{"line":23,"column":15},"end":{"line":23,"column":0}}},"fnMap":{"0":{"name":"filter","decl":{"start":{"line":5,"column":6},"end":{"line":5,"column":15}},"loc":{"start":{"line":5,"column":52},"end":{"line":5,"column":0}}},"1":{"name":"text","decl":{"start":{"line":14,"column":6},"end":{"line":14,"column":13}},"loc":{"start":{"line":14,"column":37},"end":{"line":14,"column":0}}}},"branchMap":{"0":{"loc":{"start":{"line":5,"column":52},"end":{"line":5,"column":23}},"type":"cond-expr","locations":[{"start":{"line":5,"column":52},"end":{"line":5,"column":23}},{"start":{"line":5,"column":24},"end":{"line":5,"column":52}}]},"1":{"loc":{"start":{"line":5,"column":52},"end":{"line":5,"column":23}},"type":"binary-expr","locations":[{"start":{"line":5,"column":52},"end":{"line":5,"column":23}},{"start":{"line":5,"column":52},"end":{"line":5,"column":23}}]},"2":{"loc":{"start":{"line":7,"column":8},"end":{"line":8,"column":12}},"type":"switch","locations":[{"start":{"line":7,"column":8},"end":{"line":8,"column":12}},{"start":{"line":9,"column":8},"end":{"line":10,"column":12}}]},"3":{"loc":{"start":{"line":14,"column":37},"end":{"line":14,"column":21}},"type":"cond-expr","locations":[{"start":{"line":14,"column":37},"end":{"line":14,"column":21}},{"start":{"line":14,"column":22},"end":{"line":14,"column":37}}]},"4":{"loc":{"start":{"line":14,"column":37},"end":{"line":14,"column":21}},"type":"binary-expr","locations":[{"start":{"line":14,"column":37},"end":{"line":14,"column":21}},{"start":{"line":14,"column":37},"end":{"line":14,"column":21}}]},"5":{"loc":{"start":{"line":16,"column":8},"end":{"line":17,"column":12}},"type":"switch","locations":[{"start":{"line":16,"column":8},"end":{"line":17,"column":12}},{"start":{"line":18,"column":8},"end":{"line":19,"column":12}}]}},"s":{"0":0,"1":0,"2":0,"3":0,"4":0,"5":0,"6":0,"7":0,"8":0,"9":0,"10":0,"11":0,"12":0,"13":0,"14":0},"f":{"0":0,"1":0},"b":{"0":[0,0],"1":[0,0],"2":[0,0],"3":[0,0],"4":[0,0],"5":[0,0]}}
,"C:\\Workspace\\estudo\\react-homework\\src\\servers\\movieSvc.js": {"path":"C:\\Workspace\\estudo\\react-homework\\src\\servers\\movieSvc.js","statementMap":{"0":{"start":{"line":1,"column":17},"end":{"line":1,"column":54}},"1":{"start":{"line":3,"column":13},"end":{"line":3,"column":117}},"2":{"start":{"line":3,"column":37},"end":{"line":3,"column":117}},"3":{"start":{"line":5,"column":28},"end":{"line":10,"column":1}},"4":{"start":{"line":6,"column":4},"end":{"line":9,"column":19}},"5":{"start":{"line":7,"column":19},"end":{"line":7,"column":30}},"6":{"start":{"line":8,"column":16},"end":{"line":8,"column":62}},"7":{"start":{"line":12,"column":25},"end":{"line":20,"column":1}},"8":{"start":{"line":13,"column":17},"end":{"line":18,"column":5}},"9":{"start":{"line":19,"column":4},"end":{"line":19,"column":29}},"10":{"start":{"line":22,"column":27},"end":{"line":22,"column":114}},"11":{"start":{"line":22,"column":73},"end":{"line":22,"column":114}},"12":{"start":{"line":24,"column":26},"end":{"line":24,"column":83}},"13":{"start":{"line":24,"column":40},"end":{"line":24,"column":83}}},"fnMap":{"0":{"name":"(anonymous_0)","decl":{"start":{"line":3,"column":13},"end":{"line":3,"column":14}},"loc":{"start":{"line":3,"column":37},"end":{"line":3,"column":117}},"line":3},"1":{"name":"(anonymous_1)","decl":{"start":{"line":5,"column":28},"end":{"line":5,"column":29}},"loc":{"start":{"line":6,"column":4},"end":{"line":9,"column":19}},"line":6},"2":{"name":"(anonymous_2)","decl":{"start":{"line":7,"column":12},"end":{"line":7,"column":13}},"loc":{"start":{"line":7,"column":19},"end":{"line":7,"column":30}},"line":7},"3":{"name":"(anonymous_3)","decl":{"start":{"line":8,"column":9},"end":{"line":8,"column":10}},"loc":{"start":{"line":8,"column":16},"end":{"line":8,"column":62}},"line":8},"4":{"name":"(anonymous_4)","decl":{"start":{"line":12,"column":25},"end":{"line":12,"column":26}},"loc":{"start":{"line":12,"column":51},"end":{"line":20,"column":1}},"line":12},"5":{"name":"(anonymous_5)","decl":{"start":{"line":22,"column":27},"end":{"line":22,"column":28}},"loc":{"start":{"line":22,"column":73},"end":{"line":22,"column":114}},"line":22},"6":{"name":"(anonymous_6)","decl":{"start":{"line":24,"column":26},"end":{"line":24,"column":27}},"loc":{"start":{"line":24,"column":40},"end":{"line":24,"column":83}},"line":24}},"branchMap":{"0":{"loc":{"start":{"line":3,"column":37},"end":{"line":3,"column":117}},"type":"cond-expr","locations":[{"start":{"line":3,"column":49},"end":{"line":3,"column":88}},{"start":{"line":3,"column":91},"end":{"line":3,"column":117}}],"line":3},"1":{"loc":{"start":{"line":6,"column":4},"end":{"line":9,"column":19}},"type":"cond-expr","locations":[{"start":{"line":6,"column":13},"end":{"line":9,"column":14}},{"start":{"line":9,"column":17},"end":{"line":9,"column":19}}],"line":6},"2":{"loc":{"start":{"line":22,"column":34},"end":{"line":22,"column":68}},"type":"default-arg","locations":[{"start":{"line":22,"column":43},"end":{"line":22,"column":68}}],"line":22}},"s":{"0":2,"1":2,"2":1,"3":2,"4":1,"5":2,"6":1,"7":2,"8":1,"9":1,"10":2,"11":1,"12":2,"13":0},"f":{"0":1,"1":1,"2":2,"3":1,"4":1,"5":1,"6":0},"b":{"0":[1,0],"1":[1,0],"2":[1]},"_coverageSchema":"332fd63041d2c1bcb487cc26dd0d5f7d97098a6c","hash":"26f2909eb7f6fded274acdba79e707f8f5bfd50d"}
,"C:\\Workspace\\estudo\\react-homework\\src\\store\\configureStore.js": {"path":"C:\\Workspace\\estudo\\react-homework\\src\\store\\configureStore.js","statementMap":{"0":{"start":{"line":1,"column":0},"end":{"line":null,"column":-1}},"1":{"start":{"line":2,"column":0},"end":{"line":null,"column":-1}},"2":{"start":{"line":4,"column":0},"end":{"line":null,"column":-1}},"3":{"start":{"line":6,"column":20},"end":{"line":6,"column":0}},"4":{"start":{"line":8,"column":14},"end":{"line":8,"column":0}}},"fnMap":{},"branchMap":{},"s":{"0":0,"1":0,"2":0,"3":0,"4":0},"f":{},"b":{}}
}
